<?xml version="1.0" encoding="UTF-8"?>
<!-- Generated by org.testng.reporters.JUnitXMLReporter -->
<testsuite ignored="0" hostname="DESKTOP-3L1ALEO" failures="0" tests="5" name="Default test" time="44.818" errors="0" timestamp="2025-03-08T14:05:39 IST">
  <testcase classname="Testcases.VerifyPage1FB" name="loginTc" time="1.078"/>
  <testcase classname="Testcases.VerifyPage1FB" name="loginTc" time="1.365"/>
  <testcase classname="Testcases.VerifyPage1FB" name="loginTc" time="1.256"/>
  <testcase classname="Testcases.VerifyPage1FB" name="loginTc" time="1.102"/>
  <testcase classname="Testcases.VerifyPage1FB" name="verifyForgetPwd" time="1.95"/>
</testsuite> <!-- Default test -->
