<?xml version="1.0" encoding="UTF-8"?>
<!-- Generated by org.testng.reporters.JUnitXMLReporter -->
<testsuite ignored="0" hostname="DESKTOP-3L1ALEO" failures="0" tests="5" name="Test" time="80.475" errors="0" timestamp="2025-03-04T17:07:22 IST">
  <testcase classname="Testcases.VerifyPage1FB" name="loginTc" time="3.297"/>
  <testcase classname="Testcases.VerifyPage1FB" name="loginTc" time="1.758"/>
  <testcase classname="Testcases.VerifyPage1FB" name="loginTc" time="2.153"/>
  <testcase classname="Testcases.VerifyPage1FB" name="loginTc" time="2.166"/>
  <testcase classname="Testcases.VerifyPage1FB" name="verifyForgetPwd" time="2.818"/>
</testsuite> <!-- Test -->
